<?xml version="1.0" encoding="UTF-8"?>
<!-- Generated by org.testng.reporters.JUnitReportReporter -->
<testsuite skipped="0" hostname="LAPTOP-1N6BE4J3" name="Facebook" tests="1" failures="0" timestamp="13 May 2019 17:46:02 GMT" time="12.701" errors="0">
  <testcase name="Open" time="12.701" classname="Facebook"/>
</testsuite> <!-- Facebook -->
