<?xml version="1.0" encoding="UTF-8"?>
<!-- Generated by org.testng.reporters.JUnitReportReporter -->
<testsuite skipped="0" hostname="LAPTOP-1N6BE4J3" name="Facebook" tests="1" failures="0" timestamp="02 Jun 2019 13:55:10 GMT" time="7.246" errors="0">
  <testcase name="Open" time="7.246" classname="Facebook"/>
</testsuite> <!-- Facebook -->
